[2025-06-10 11:10:36] 检测到更改，准备提交...
[main 259b989] update nohup.out/: add        1 files
 1 file changed, 1 insertion(+)
 create mode 100644 nohup.out
To https://github.com/Bytedesk/bytedesk-docs.git
 ! [rejected]        main -> main (non-fast-forward)
错误：无法推送一些引用到 'https://github.com/Bytedesk/bytedesk-docs.git'
提示： 更新被拒绝，因为您当前分支的最新提交落后于其对应的远程分支。
提示： 如果您希望先与远程变更合并，请在推送前执行 'git pull'。
提示： 详见 'git push --help' 中的 'Note about fast-forwards' 小节。
[2025-06-10 11:10:36] 推送失败，等待下次尝试...
[2025-06-10 11:11:52] 检测到更改，准备提交...
[main 53a53b3] update nohup.out/: mod        1 files
 1 file changed, 8 insertions(+)
To https://github.com/Bytedesk/bytedesk-docs.git
 ! [rejected]        main -> main (non-fast-forward)
错误：无法推送一些引用到 'https://github.com/Bytedesk/bytedesk-docs.git'
提示： 更新被拒绝，因为您当前分支的最新提交落后于其对应的远程分支。
提示： 如果您希望先与远程变更合并，请在推送前执行 'git pull'。
提示： 详见 'git push --help' 中的 'Note about fast-forwards' 小节。
[2025-06-10 11:11:52] 推送失败，等待下次尝试...
[2025-06-10 11:13:01] 检测到更改，准备提交...
[main 676a93e] update nohup.out/: mod        1 files
 1 file changed, 8 insertions(+)
remote: 
remote: GitHub found 3 vulnerabilities on Bytedesk/bytedesk-docs's default branch (3 moderate). To find out more, visit:        
remote:      https://github.com/Bytedesk/bytedesk-docs/security/dependabot        
remote: 
To https://github.com/Bytedesk/bytedesk-docs.git
   2dcd1cc..676a93e  main -> main
[2025-06-10 11:13:01] 提交完成
[2025-06-10 11:43:03] 没有检测到更改
[2025-06-10 12:13:03] 没有检测到更改
[2025-06-10 12:43:03] 没有检测到更改
[2025-06-10 13:45:21] 没有检测到更改
[2025-06-10 14:15:21] 没有检测到更改
[2025-06-10 14:45:21] 没有检测到更改
[2025-06-10 15:15:22] 没有检测到更改
[2025-06-10 15:45:22] 没有检测到更改
[2025-06-10 16:15:22] 没有检测到更改
